\BOOKMARK [0][-]{chapter.1}{\376\377\000T\000h\000i\000s\000\040\000i\000s\000\040\000t\000h\000e\000\040\000d\000o\000c\000u\000m\000e\000n\000t\000a\000t\000i\000o\000n\000\040\000f\000o\000r\000\040\000d\000e\000v\000e\000l\000o\000p\000e\000r\000s\000\040\000a\000n\000d\000\040\000p\000e\000o\000p\000l\000e\000\040\000i\000n\000t\000e\000r\000e\000s\000t\000e\000d\000\040\000i\000n\000\040\000f\000u\000n\000c\000t\000i\000o\000n\000a\000l\000i\000t\000y\000\040\000o\000f\000\040\000R\000o\000b\000o\000W\000a\000y\000\040\000-\000\040\000I\000n\000v\000e\000r\000t\000e\000d\000\040\000P\000e\000n\000d\000u\000l\000u\000m}{}
\BOOKMARK [0][-]{chapter.2}{\376\377\000M\000o\000d\000u\000l\000e\000\040\000I\000n\000d\000e\000x}{}
\BOOKMARK [1][-]{section.2.1}{\376\377\000M\000o\000d\000u\000l\000e\000s}{chapter.2}
\BOOKMARK [0][-]{chapter.3}{\376\377\000D\000a\000t\000a\000\040\000S\000t\000r\000u\000c\000t\000u\000r\000e\000\040\000I\000n\000d\000e\000x}{}
\BOOKMARK [1][-]{section.3.1}{\376\377\000D\000a\000t\000a\000\040\000S\000t\000r\000u\000c\000t\000u\000r\000e\000s}{chapter.3}
\BOOKMARK [0][-]{chapter.4}{\376\377\000F\000i\000l\000e\000\040\000I\000n\000d\000e\000x}{}
\BOOKMARK [1][-]{section.4.1}{\376\377\000F\000i\000l\000e\000\040\000L\000i\000s\000t}{chapter.4}
\BOOKMARK [0][-]{chapter.5}{\376\377\000M\000o\000d\000u\000l\000e\000\040\000D\000o\000c\000u\000m\000e\000n\000t\000a\000t\000i\000o\000n}{}
\BOOKMARK [1][-]{section.5.1}{\376\377\000A\000l\000i\000a\000s\000\040\000n\000a\000m\000e\000s\000\040\000o\000f\000\040\000A\000D\000X\000L\0003\0005\0004\000\040\000R\000e\000g\000i\000s\000t\000e\000r\000s\000\040\000\050\000r\000e\000f\000e\000r\000\040\000t\000o\000\040\000s\000i\000t\000e\000\040\0002\0004\000-\0002\0007\000\040\000o\000f\000\040\000t\000h\000e\000\040\000A\000D\000X\000L\0003\0005\0004\000\040\000d\000a\000t\000a\000s\000h\000e\000e\000t\000\051}{chapter.5}
\BOOKMARK [1][-]{section.5.2}{\376\377\000P\000o\000s\000s\000i\000b\000l\000e\000\040\000b\000i\000t\000r\000a\000t\000e\000s\000\040\000f\000o\000r\000\040\000b\000i\000t\000\040\000r\000a\000t\000e\000\040\000r\000e\000g\000i\000s\000t\000e\000r\000\040\000\050\000r\000e\000f\000e\000r\000t\000\040\000t\000o\000\040\000t\000a\000b\000l\000e\000\040\0008\000\040\000i\000n\000\040\000d\000a\000t\000a\000s\000h\000e\000e\000t\000\051}{chapter.5}
\BOOKMARK [1][-]{section.5.3}{\376\377\000A\000l\000i\000a\000s\000\040\000n\000a\000m\000e\000s\000\040\000o\000f\000\040\000A\000D\000X\000L\0003\0005\0004\000\040\000A\000X\000I\000S}{chapter.5}
\BOOKMARK [1][-]{section.5.4}{\376\377\000M\000a\000c\000r\000o\000s\000\040\000f\000o\000r\000\040\000s\000i\000m\000p\000l\000e\000r\000\040\000u\000s\000e\000\040\000o\000f\000\040\000t\000h\000e\000\040\000A\000D\000X\000L\0003\0005\0004}{chapter.5}
\BOOKMARK [1][-]{section.5.5}{\376\377\000S\000e\000t\000t\000i\000n\000g\000s\000\040\000f\000o\000r\000\040\000A\000t\000M\000e\000g\000a\000\040\0008\000\040\000b\000i\000t\000\040\000m\000i\000c\000r\000o\000\040\000c\000o\000n\000t\000r\000o\000l\000l\000e\000r\000s}{chapter.5}
\BOOKMARK [1][-]{section.5.6}{\376\377\000C\000o\000n\000s\000t\000a\000n\000t\000s\000\040\000f\000o\000r\000\040\000A\000t\000M\000e\000g\000a\000\040\0008\000\040\000b\000i\000t\000\040\000m\000i\000c\000r\000o\000\040\000c\000o\000n\000t\000r\000o\000l\000l\000e\000r\000s}{chapter.5}
\BOOKMARK [2][-]{subsection.5.6.1}{\376\377\000D\000e\000f\000i\000n\000e\000\040\000D\000o\000c\000u\000m\000e\000n\000t\000a\000t\000i\000o\000n}{section.5.6}
\BOOKMARK [3][-]{subsubsection.5.6.1.1}{\376\377\000B\000O\000O\000L}{subsection.5.6.1}
\BOOKMARK [3][-]{subsubsection.5.6.1.2}{\376\377\000F\000A\000L\000S\000E}{subsection.5.6.1}
\BOOKMARK [3][-]{subsubsection.5.6.1.3}{\376\377\000H\000I\000G\000H}{subsection.5.6.1}
\BOOKMARK [3][-]{subsubsection.5.6.1.4}{\376\377\000L\000O\000W}{subsection.5.6.1}
\BOOKMARK [3][-]{subsubsection.5.6.1.5}{\376\377\000T\000R\000U\000E}{subsection.5.6.1}
\BOOKMARK [1][-]{section.5.7}{\376\377\000U\000s\000e\000f\000u\000l\000\040\000m\000a\000c\000r\000o\000s\000\040\000f\000o\000r\000\040\000A\000t\000M\000e\000g\000a\000\040\0008\000\040\000b\000i\000t\000\040\000m\000i\000c\000r\000o\000\040\000c\000o\000n\000t\000r\000o\000l\000l\000e\000r\000s}{chapter.5}
\BOOKMARK [1][-]{section.5.8}{\376\377\000M\000a\000c\000r\000o\000s\000\040\000u\000s\000e\000d\000\040\000t\000o\000\040\000m\000o\000d\000i\000f\000y\000\040\000t\000h\000e\000\040\000a\000d\000d\000r\000e\000s\000s\000\040\000o\000f\000\040\000t\000h\000e\000\040\000s\000l\000a\000v\000e\000\040\000f\000o\000r\000\040\000r\000e\000a\000d\000\040\000o\000r\000\040\000w\000r\000i\000t\000e\000\040\000o\000p\000e\000r\000a\000t\000i\000o\000n\000s}{chapter.5}
\BOOKMARK [2][-]{subsection.5.8.1}{\376\377\000D\000e\000f\000i\000n\000e\000\040\000D\000o\000c\000u\000m\000e\000n\000t\000a\000t\000i\000o\000n}{section.5.8}
\BOOKMARK [3][-]{subsubsection.5.8.1.1}{\376\377\000I\0002\000C\000\137\000R\000E\000A\000D}{subsection.5.8.1}
\BOOKMARK [3][-]{subsubsection.5.8.1.2}{\376\377\000I\0002\000C\000\137\000W\000R\000I\000T\000E}{subsection.5.8.1}
\BOOKMARK [1][-]{section.5.9}{\376\377\000U\000s\000e\000f\000u\000l\000\040\000m\000a\000c\000r\000o\000s\000\040\000f\000o\000r\000\040\000I\0002\000C}{chapter.5}
\BOOKMARK [1][-]{section.5.10}{\376\377\000S\000t\000a\000t\000u\000s\000\040\000c\000o\000d\000e\000s\000\040\000o\000f\000\040\000I\0002\000C\000\040\000f\000u\000n\000c\000t\000i\000o\000n\000s}{chapter.5}
\BOOKMARK [1][-]{section.5.11}{\376\377\000M\000o\000d\000e\000s\000\040\000f\000o\000r\000\040\000I\0002\000C\000\040\000c\000l\000o\000c\000k\000r\000a\000t\000e}{chapter.5}
\BOOKMARK [1][-]{section.5.12}{\376\377\000P\000o\000s\000s\000i\000b\000l\000e\000\040\000d\000e\000v\000i\000c\000e\000\040\000i\000d\000s\000\040\000o\000f\000\040\000a\000n\000\040\000L\0003\000G\0004\0002\0000\0000\000D\000\040\000G\000y\000r\000o\000s\000c\000o\000p\000e}{chapter.5}
\BOOKMARK [1][-]{section.5.13}{\376\377\000A\000l\000l\000\040\000n\000e\000c\000e\000s\000s\000a\000r\000y\000\040\000r\000e\000g\000i\000s\000t\000e\000r\000s\000\040\000o\000f\000\040\000a\000n\000\040\000L\0003\000G\0004\0002\0000\0000\000D}{chapter.5}
\BOOKMARK [1][-]{section.5.14}{\376\377\000P\000o\000s\000s\000i\000b\000l\000e\000\040\000B\000i\000t\000\040\000a\000n\000d\000\040\000D\000a\000t\000a\000\040\000R\000a\000t\000e\000s\000\040\000f\000o\000r\000\040\000L\0003\000G\0004\0002\0000\0000\000D\000\137\000R\000E\000G\000\137\000C\000T\000R\000L\000\137\0001\000\040\000\050\000r\000e\000f\000e\000r\000\040\000t\000o\000\040\000t\000a\000b\000l\000e\000\040\0002\0002\000\040\000i\000n\000\040\000d\000a\000t\000a\000\040\000s\000h\000e\000e\000t\000\051}{chapter.5}
\BOOKMARK [1][-]{section.5.15}{\376\377\000A\000l\000i\000a\000s\000\040\000n\000a\000m\000e\000s\000\040\000o\000f\000\040\000L\0003\000G\0004\0002\0000\0000\000D\000\040\000A\000x\000i\000s}{chapter.5}
\BOOKMARK [1][-]{section.5.16}{\376\377\000M\000a\000c\000r\000o\000s\000\040\000f\000o\000r\000\040\000s\000i\000m\000p\000l\000e\000r\000\040\000u\000s\000e\000\040\000o\000f\000\040\000t\000h\000e\000\040\000L\0003\000G\0004\0002\0000\0000\000D}{chapter.5}
\BOOKMARK [1][-]{section.5.17}{\376\377\000P\000i\000n\000s\000\040\000u\000s\000e\000d\000\040\000f\000o\000r\000\040\000c\000o\000n\000t\000r\000o\000l\000l\000i\000n\000g\000\040\000l\000e\000f\000t\000\040\000a\000n\000d\000\040\000r\000i\000g\000h\000t\000\040\000w\000h\000e\000e\000l}{chapter.5}
\BOOKMARK [1][-]{section.5.18}{\376\377\000R\000e\000g\000i\000s\000t\000e\000r\000s\000\040\000f\000o\000r\000\040\000o\000u\000t\000p\000u\000t\000\040\000c\000o\000m\000p\000a\000r\000e\000\040\000m\000a\000t\000c\000h\000\040\000\050\000\040\0000\000\040\000-\000>\000\040\0000\000\045\000\040\000P\000W\000M\000\040\000|\000\040\0002\0005\0005\000\040\000-\000>\000\040\0001\0000\0000\000\045\000\040\000P\000W\000M\000\040\000\051}{chapter.5}
\BOOKMARK [1][-]{section.5.19}{\376\377\000M\000a\000x\000i\000m\000u\000m\000\040\000a\000n\000d\000\040\000m\000i\000n\000i\000m\000u\000m\000\040\000r\000o\000l\000l}{chapter.5}
\BOOKMARK [2][-]{subsection.5.19.1}{\376\377\000D\000e\000f\000i\000n\000e\000\040\000D\000o\000c\000u\000m\000e\000n\000t\000a\000t\000i\000o\000n}{section.5.19}
\BOOKMARK [3][-]{subsubsection.5.19.1.1}{\376\377\000R\000O\000L\000L\000\137\000M\000A\000X\000\137\000L\000I\000M\000I\000T}{subsection.5.19.1}
\BOOKMARK [3][-]{subsubsection.5.19.1.2}{\376\377\000R\000O\000L\000L\000\137\000M\000I\000N\000\137\000L\000I\000M\000I\000T}{subsection.5.19.1}
\BOOKMARK [1][-]{section.5.20}{\376\377\000G\000a\000i\000n\000\040\000a\000n\000d\000\040\000l\000i\000m\000i\000t\000s\000\040\000f\000o\000r\000\040\000c\000o\000n\000s\000e\000r\000v\000a\000t\000i\000v\000e\000\040\000p\000i\000d\000\040\000s\000e\000t\000t\000i\000n\000g\000s\000\040\000\050\000b\000a\000l\000a\000n\000c\000i\000n\000g\000\051}{chapter.5}
\BOOKMARK [1][-]{section.5.21}{\376\377\000P\000o\000s\000s\000i\000b\000l\000e\000\040\000v\000a\000l\000u\000e\000s\000\040\000f\000o\000r\000\040\000t\000h\000e\000\040\000a\000d\000d\000r\000e\000s\000s\000\040\000r\000e\000g\000i\000s\000t\000e\000r}{chapter.5}
\BOOKMARK [1][-]{section.5.22}{\376\377\000M\000o\000d\000i\000f\000y\000\040\000a\000n\000\040\000a\000d\000d\000r\000e\000s\000s\000\040\000f\000o\000r\000\040\000r\000e\000a\000d\000\040\000o\000r\000\040\000w\000r\000i\000t\000e\000\040\000o\000p\000e\000r\000a\000t\000i\000o\000n\000\040\000f\000o\000r\000\040\000t\000h\000e\000\040\000I\0002\000C\000\040\000b\000u\000s}{chapter.5}
\BOOKMARK [2][-]{subsection.5.22.1}{\376\377\000D\000e\000f\000i\000n\000e\000\040\000D\000o\000c\000u\000m\000e\000n\000t\000a\000t\000i\000o\000n}{section.5.22}
\BOOKMARK [3][-]{subsubsection.5.22.1.1}{\376\377\000S\000R\000F\0000\0008\000\137\000A\000D\000D\000R\000\137\000R\000E\000A\000D}{subsection.5.22.1}
\BOOKMARK [3][-]{subsubsection.5.22.1.2}{\376\377\000S\000R\000F\0000\0008\000\137\000A\000D\000D\000R\000\137\000W\000R\000I\000T\000E}{subsection.5.22.1}
\BOOKMARK [1][-]{section.5.23}{\376\377\000R\000e\000g\000i\000s\000t\000e\000r\000s\000\040\000o\000f\000\040\000S\000R\000F\0000\0008}{chapter.5}
\BOOKMARK [1][-]{section.5.24}{\376\377\000C\000o\000m\000m\000a\000n\000d\000s\000\040\000f\000o\000r\000\040\000S\000R\000F\0000\0008}{chapter.5}
\BOOKMARK [1][-]{section.5.25}{\376\377\000U\000s\000e\000f\000u\000l\000\040\000m\000a\000c\000r\000o\000s\000\040\000f\000o\000r\000\040\000a\000t\000m\000e\000g\000a\0008\000\040\000u\000s\000a\000r\000t\000\040\000\050\000R\000S\0002\0003\0002\000\051}{chapter.5}
\BOOKMARK [0][-]{chapter.6}{\376\377\000D\000a\000t\000a\000\040\000S\000t\000r\000u\000c\000t\000u\000r\000e\000\040\000D\000o\000c\000u\000m\000e\000n\000t\000a\000t\000i\000o\000n}{}
\BOOKMARK [1][-]{section.6.1}{\376\377\000c\000o\000m\000p\000F\000i\000l\000t\000e\000r\000D\000a\000t\000a\000\040\000S\000t\000r\000u\000c\000t\000\040\000R\000e\000f\000e\000r\000e\000n\000c\000e}{chapter.6}
\BOOKMARK [2][-]{subsection.6.1.1}{\376\377\000D\000e\000t\000a\000i\000l\000e\000d\000\040\000D\000e\000s\000c\000r\000i\000p\000t\000i\000o\000n}{section.6.1}
\BOOKMARK [2][-]{subsection.6.1.2}{\376\377\000F\000i\000e\000l\000d\000\040\000D\000o\000c\000u\000m\000e\000n\000t\000a\000t\000i\000o\000n}{section.6.1}
\BOOKMARK [3][-]{subsubsection.6.1.2.1}{\376\377\000a\000G}{subsection.6.1.2}
\BOOKMARK [3][-]{subsubsection.6.1.2.2}{\376\377\000d\000t}{subsection.6.1.2}
\BOOKMARK [3][-]{subsubsection.6.1.2.3}{\376\377\000g\000G}{subsection.6.1.2}
\BOOKMARK [1][-]{section.6.2}{\376\377\000p\000i\000d\000D\000a\000t\000a\000\040\000S\000t\000r\000u\000c\000t\000\040\000R\000e\000f\000e\000r\000e\000n\000c\000e}{chapter.6}
\BOOKMARK [2][-]{subsection.6.2.1}{\376\377\000D\000e\000t\000a\000i\000l\000e\000d\000\040\000D\000e\000s\000c\000r\000i\000p\000t\000i\000o\000n}{section.6.2}
\BOOKMARK [0][-]{chapter.7}{\376\377\000F\000i\000l\000e\000\040\000D\000o\000c\000u\000m\000e\000n\000t\000a\000t\000i\000o\000n}{}
\BOOKMARK [1][-]{section.7.1}{\376\377\000R\000o\000b\000o\000W\000a\000y\000/\000a\000d\000x\000l\0003\0005\0004\000/\000a\000d\000x\000l\0003\0005\0004\000.\000c\000\040\000F\000i\000l\000e\000\040\000R\000e\000f\000e\000r\000e\000n\000c\000e}{chapter.7}
\BOOKMARK [2][-]{subsection.7.1.1}{\376\377\000D\000e\000t\000a\000i\000l\000e\000d\000\040\000D\000e\000s\000c\000r\000i\000p\000t\000i\000o\000n}{section.7.1}
\BOOKMARK [2][-]{subsection.7.1.2}{\376\377\000F\000u\000n\000c\000t\000i\000o\000n\000\040\000D\000o\000c\000u\000m\000e\000n\000t\000a\000t\000i\000o\000n}{section.7.1}
\BOOKMARK [3][-]{subsubsection.7.1.2.1}{\376\377\000a\000d\000x\000l\0003\0005\0004\000G\000e\000t\000A\000c\000c\000e\000l}{subsection.7.1.2}
\BOOKMARK [3][-]{subsubsection.7.1.2.2}{\376\377\000a\000d\000x\000l\0003\0005\0004\000G\000e\000t\000A\000c\000c\000e\000l\000A\000l\000l}{subsection.7.1.2}
\BOOKMARK [3][-]{subsubsection.7.1.2.3}{\376\377\000a\000d\000x\000l\0003\0005\0004\000I\000n\000i\000t}{subsection.7.1.2}
\BOOKMARK [3][-]{subsubsection.7.1.2.4}{\376\377\000a\000d\000x\000l\0003\0005\0004\000S\000e\000t\000R\000e\000g}{subsection.7.1.2}
\BOOKMARK [1][-]{section.7.2}{\376\377\000R\000o\000b\000o\000W\000a\000y\000/\000a\000d\000x\000l\0003\0005\0004\000/\000a\000d\000x\000l\0003\0005\0004\000.\000h\000\040\000F\000i\000l\000e\000\040\000R\000e\000f\000e\000r\000e\000n\000c\000e}{chapter.7}
\BOOKMARK [2][-]{subsection.7.2.1}{\376\377\000D\000e\000t\000a\000i\000l\000e\000d\000\040\000D\000e\000s\000c\000r\000i\000p\000t\000i\000o\000n}{section.7.2}
\BOOKMARK [2][-]{subsection.7.2.2}{\376\377\000F\000u\000n\000c\000t\000i\000o\000n\000\040\000D\000o\000c\000u\000m\000e\000n\000t\000a\000t\000i\000o\000n}{section.7.2}
\BOOKMARK [3][-]{subsubsection.7.2.2.1}{\376\377\000a\000d\000x\000l\0003\0005\0004\000G\000e\000t\000A\000c\000c\000e\000l}{subsection.7.2.2}
\BOOKMARK [3][-]{subsubsection.7.2.2.2}{\376\377\000a\000d\000x\000l\0003\0005\0004\000G\000e\000t\000A\000c\000c\000e\000l\000A\000l\000l}{subsection.7.2.2}
\BOOKMARK [3][-]{subsubsection.7.2.2.3}{\376\377\000a\000d\000x\000l\0003\0005\0004\000I\000n\000i\000t}{subsection.7.2.2}
\BOOKMARK [3][-]{subsubsection.7.2.2.4}{\376\377\000a\000d\000x\000l\0003\0005\0004\000S\000e\000t\000R\000e\000g}{subsection.7.2.2}
\BOOKMARK [1][-]{section.7.3}{\376\377\000R\000o\000b\000o\000W\000a\000y\000/\000a\000v\000r\000C\000o\000n\000s\000t\000a\000n\000t\000s\000.\000c\000\040\000F\000i\000l\000e\000\040\000R\000e\000f\000e\000r\000e\000n\000c\000e}{chapter.7}
\BOOKMARK [2][-]{subsection.7.3.1}{\376\377\000D\000e\000t\000a\000i\000l\000e\000d\000\040\000D\000e\000s\000c\000r\000i\000p\000t\000i\000o\000n}{section.7.3}
\BOOKMARK [2][-]{subsection.7.3.2}{\376\377\000F\000u\000n\000c\000t\000i\000o\000n\000\040\000D\000o\000c\000u\000m\000e\000n\000t\000a\000t\000i\000o\000n}{section.7.3}
\BOOKMARK [3][-]{subsubsection.7.3.2.1}{\376\377\000c\000o\000n\000s\000t\000r\000a\000i\000n\000D}{subsection.7.3.2}
\BOOKMARK [1][-]{section.7.4}{\376\377\000R\000o\000b\000o\000W\000a\000y\000/\000a\000v\000r\000C\000o\000n\000s\000t\000a\000n\000t\000s\000.\000h\000\040\000F\000i\000l\000e\000\040\000R\000e\000f\000e\000r\000e\000n\000c\000e}{chapter.7}
\BOOKMARK [2][-]{subsection.7.4.1}{\376\377\000D\000e\000t\000a\000i\000l\000e\000d\000\040\000D\000e\000s\000c\000r\000i\000p\000t\000i\000o\000n}{section.7.4}
\BOOKMARK [2][-]{subsection.7.4.2}{\376\377\000F\000u\000n\000c\000t\000i\000o\000n\000\040\000D\000o\000c\000u\000m\000e\000n\000t\000a\000t\000i\000o\000n}{section.7.4}
\BOOKMARK [3][-]{subsubsection.7.4.2.1}{\376\377\000c\000o\000n\000s\000t\000r\000a\000i\000n\000D}{subsection.7.4.2}
\BOOKMARK [1][-]{section.7.5}{\376\377\000R\000o\000b\000o\000W\000a\000y\000/\000c\000o\000m\000p\000l\000e\000m\000e\000n\000t\000a\000r\000y\000F\000i\000l\000t\000e\000r\000/\000c\000o\000m\000p\000l\000e\000m\000e\000n\000t\000a\000r\000y\000F\000i\000l\000t\000e\000r\000.\000c\000\040\000F\000i\000l\000e\000\040\000R\000e\000f\000e\000r\000e\000n\000c\000e}{chapter.7}
\BOOKMARK [2][-]{subsection.7.5.1}{\376\377\000D\000e\000t\000a\000i\000l\000e\000d\000\040\000D\000e\000s\000c\000r\000i\000p\000t\000i\000o\000n}{section.7.5}
\BOOKMARK [2][-]{subsection.7.5.2}{\376\377\000F\000u\000n\000c\000t\000i\000o\000n\000\040\000D\000o\000c\000u\000m\000e\000n\000t\000a\000t\000i\000o\000n}{section.7.5}
\BOOKMARK [3][-]{subsubsection.7.5.2.1}{\376\377\000c\000o\000m\000p\000F\000i\000l\000t\000e\000r\000G\000e\000t\000A\000n\000g\000l\000e}{subsection.7.5.2}
\BOOKMARK [3][-]{subsubsection.7.5.2.2}{\376\377\000c\000o\000m\000p\000F\000i\000l\000t\000e\000r\000I\000n\000i\000t}{subsection.7.5.2}
\BOOKMARK [1][-]{section.7.6}{\376\377\000R\000o\000b\000o\000W\000a\000y\000/\000c\000o\000m\000p\000l\000e\000m\000e\000n\000t\000a\000r\000y\000F\000i\000l\000t\000e\000r\000/\000c\000o\000m\000p\000l\000e\000m\000e\000n\000t\000a\000r\000y\000F\000i\000l\000t\000e\000r\000.\000h\000\040\000F\000i\000l\000e\000\040\000R\000e\000f\000e\000r\000e\000n\000c\000e}{chapter.7}
\BOOKMARK [2][-]{subsection.7.6.1}{\376\377\000D\000e\000t\000a\000i\000l\000e\000d\000\040\000D\000e\000s\000c\000r\000i\000p\000t\000i\000o\000n}{section.7.6}
\BOOKMARK [2][-]{subsection.7.6.2}{\376\377\000F\000u\000n\000c\000t\000i\000o\000n\000\040\000D\000o\000c\000u\000m\000e\000n\000t\000a\000t\000i\000o\000n}{section.7.6}
\BOOKMARK [3][-]{subsubsection.7.6.2.1}{\376\377\000c\000o\000m\000p\000F\000i\000l\000t\000e\000r\000G\000e\000t\000A\000n\000g\000l\000e}{subsection.7.6.2}
\BOOKMARK [3][-]{subsubsection.7.6.2.2}{\376\377\000c\000o\000m\000p\000F\000i\000l\000t\000e\000r\000I\000n\000i\000t}{subsection.7.6.2}
\BOOKMARK [1][-]{section.7.7}{\376\377\000R\000o\000b\000o\000W\000a\000y\000/\000i\0002\000c\000m\000a\000s\000t\000e\000r\000/\000i\0002\000c\000m\000a\000s\000t\000e\000r\000.\000c\000\040\000F\000i\000l\000e\000\040\000R\000e\000f\000e\000r\000e\000n\000c\000e}{chapter.7}
\BOOKMARK [2][-]{subsection.7.7.1}{\376\377\000D\000e\000t\000a\000i\000l\000e\000d\000\040\000D\000e\000s\000c\000r\000i\000p\000t\000i\000o\000n}{section.7.7}
\BOOKMARK [2][-]{subsection.7.7.2}{\376\377\000F\000u\000n\000c\000t\000i\000o\000n\000\040\000D\000o\000c\000u\000m\000e\000n\000t\000a\000t\000i\000o\000n}{section.7.7}
\BOOKMARK [3][-]{subsubsection.7.7.2.1}{\376\377\000i\0002\000c\000I\000n\000i\000t}{subsection.7.7.2}
\BOOKMARK [3][-]{subsubsection.7.7.2.2}{\376\377\000i\0002\000c\000R\000e\000a\000d\000A\000c\000k}{subsection.7.7.2}
\BOOKMARK [3][-]{subsubsection.7.7.2.3}{\376\377\000i\0002\000c\000R\000e\000a\000d\000N\000a\000k}{subsection.7.7.2}
\BOOKMARK [3][-]{subsubsection.7.7.2.4}{\376\377\000i\0002\000c\000S\000t\000a\000r\000t}{subsection.7.7.2}
\BOOKMARK [3][-]{subsubsection.7.7.2.5}{\376\377\000i\0002\000c\000S\000t\000a\000r\000t\000W\000a\000i\000t}{subsection.7.7.2}
\BOOKMARK [3][-]{subsubsection.7.7.2.6}{\376\377\000i\0002\000c\000S\000t\000o\000p}{subsection.7.7.2}
\BOOKMARK [3][-]{subsubsection.7.7.2.7}{\376\377\000i\0002\000c\000W\000r\000i\000t\000e}{subsection.7.7.2}
\BOOKMARK [1][-]{section.7.8}{\376\377\000R\000o\000b\000o\000W\000a\000y\000/\000i\0002\000c\000m\000a\000s\000t\000e\000r\000/\000i\0002\000c\000m\000a\000s\000t\000e\000r\000.\000h\000\040\000F\000i\000l\000e\000\040\000R\000e\000f\000e\000r\000e\000n\000c\000e}{chapter.7}
\BOOKMARK [2][-]{subsection.7.8.1}{\376\377\000D\000e\000t\000a\000i\000l\000e\000d\000\040\000D\000e\000s\000c\000r\000i\000p\000t\000i\000o\000n}{section.7.8}
\BOOKMARK [2][-]{subsection.7.8.2}{\376\377\000F\000u\000n\000c\000t\000i\000o\000n\000\040\000D\000o\000c\000u\000m\000e\000n\000t\000a\000t\000i\000o\000n}{section.7.8}
\BOOKMARK [3][-]{subsubsection.7.8.2.1}{\376\377\000i\0002\000c\000I\000n\000i\000t}{subsection.7.8.2}
\BOOKMARK [3][-]{subsubsection.7.8.2.2}{\376\377\000i\0002\000c\000R\000e\000a\000d\000A\000c\000k}{subsection.7.8.2}
\BOOKMARK [3][-]{subsubsection.7.8.2.3}{\376\377\000i\0002\000c\000R\000e\000a\000d\000N\000a\000k}{subsection.7.8.2}
\BOOKMARK [3][-]{subsubsection.7.8.2.4}{\376\377\000i\0002\000c\000S\000t\000a\000r\000t}{subsection.7.8.2}
\BOOKMARK [3][-]{subsubsection.7.8.2.5}{\376\377\000i\0002\000c\000S\000t\000a\000r\000t\000W\000a\000i\000t}{subsection.7.8.2}
\BOOKMARK [3][-]{subsubsection.7.8.2.6}{\376\377\000i\0002\000c\000S\000t\000o\000p}{subsection.7.8.2}
\BOOKMARK [3][-]{subsubsection.7.8.2.7}{\376\377\000i\0002\000c\000W\000r\000i\000t\000e}{subsection.7.8.2}
\BOOKMARK [1][-]{section.7.9}{\376\377\000R\000o\000b\000o\000W\000a\000y\000/\000l\0003\000g\0004\0002\0000\0000\000d\000/\000l\0003\000g\0004\0002\0000\0000\000d\000.\000c\000\040\000F\000i\000l\000e\000\040\000R\000e\000f\000e\000r\000e\000n\000c\000e}{chapter.7}
\BOOKMARK [2][-]{subsection.7.9.1}{\376\377\000D\000e\000t\000a\000i\000l\000e\000d\000\040\000D\000e\000s\000c\000r\000i\000p\000t\000i\000o\000n}{section.7.9}
\BOOKMARK [2][-]{subsection.7.9.2}{\376\377\000F\000u\000n\000c\000t\000i\000o\000n\000\040\000D\000o\000c\000u\000m\000e\000n\000t\000a\000t\000i\000o\000n}{section.7.9}
\BOOKMARK [3][-]{subsubsection.7.9.2.1}{\376\377\000l\0003\000g\0004\0002\0000\0000\000d\000G\000e\000t\000A\000R}{subsection.7.9.2}
\BOOKMARK [3][-]{subsubsection.7.9.2.2}{\376\377\000l\0003\000g\0004\0002\0000\0000\000d\000G\000e\000t\000A\000R\000A\000l\000l}{subsection.7.9.2}
\BOOKMARK [3][-]{subsubsection.7.9.2.3}{\376\377\000l\0003\000g\0004\0002\0000\0000\000d\000G\000e\000t\000R\000e\000g}{subsection.7.9.2}
\BOOKMARK [3][-]{subsubsection.7.9.2.4}{\376\377\000l\0003\000g\0004\0002\0000\0000\000d\000I\000n\000i\000t}{subsection.7.9.2}
\BOOKMARK [3][-]{subsubsection.7.9.2.5}{\376\377\000l\0003\000g\0004\0002\0000\0000\000d\000S\000e\000t\000R\000e\000g}{subsection.7.9.2}
\BOOKMARK [1][-]{section.7.10}{\376\377\000R\000o\000b\000o\000W\000a\000y\000/\000l\0003\000g\0004\0002\0000\0000\000d\000/\000l\0003\000g\0004\0002\0000\0000\000d\000.\000h\000\040\000F\000i\000l\000e\000\040\000R\000e\000f\000e\000r\000e\000n\000c\000e}{chapter.7}
\BOOKMARK [2][-]{subsection.7.10.1}{\376\377\000D\000e\000t\000a\000i\000l\000e\000d\000\040\000D\000e\000s\000c\000r\000i\000p\000t\000i\000o\000n}{section.7.10}
\BOOKMARK [2][-]{subsection.7.10.2}{\376\377\000F\000u\000n\000c\000t\000i\000o\000n\000\040\000D\000o\000c\000u\000m\000e\000n\000t\000a\000t\000i\000o\000n}{section.7.10}
\BOOKMARK [3][-]{subsubsection.7.10.2.1}{\376\377\000l\0003\000g\0004\0002\0000\0000\000d\000G\000e\000t\000A\000R}{subsection.7.10.2}
\BOOKMARK [3][-]{subsubsection.7.10.2.2}{\376\377\000l\0003\000g\0004\0002\0000\0000\000d\000G\000e\000t\000A\000R\000A\000l\000l}{subsection.7.10.2}
\BOOKMARK [3][-]{subsubsection.7.10.2.3}{\376\377\000l\0003\000g\0004\0002\0000\0000\000d\000G\000e\000t\000R\000e\000g}{subsection.7.10.2}
\BOOKMARK [3][-]{subsubsection.7.10.2.4}{\376\377\000l\0003\000g\0004\0002\0000\0000\000d\000I\000n\000i\000t}{subsection.7.10.2}
\BOOKMARK [3][-]{subsubsection.7.10.2.5}{\376\377\000l\0003\000g\0004\0002\0000\0000\000d\000S\000e\000t\000R\000e\000g}{subsection.7.10.2}
\BOOKMARK [1][-]{section.7.11}{\376\377\000R\000o\000b\000o\000W\000a\000y\000/\000m\000a\000i\000n\000.\000c\000\040\000F\000i\000l\000e\000\040\000R\000e\000f\000e\000r\000e\000n\000c\000e}{chapter.7}
\BOOKMARK [2][-]{subsection.7.11.1}{\376\377\000D\000e\000t\000a\000i\000l\000e\000d\000\040\000D\000e\000s\000c\000r\000i\000p\000t\000i\000o\000n}{section.7.11}
\BOOKMARK [1][-]{section.7.12}{\376\377\000R\000o\000b\000o\000W\000a\000y\000/\000m\000a\000i\000n\000P\000a\000g\000e\000.\000h\000\040\000F\000i\000l\000e\000\040\000R\000e\000f\000e\000r\000e\000n\000c\000e}{chapter.7}
\BOOKMARK [2][-]{subsection.7.12.1}{\376\377\000D\000e\000t\000a\000i\000l\000e\000d\000\040\000D\000e\000s\000c\000r\000i\000p\000t\000i\000o\000n}{section.7.12}
\BOOKMARK [1][-]{section.7.13}{\376\377\000R\000o\000b\000o\000W\000a\000y\000/\000m\000o\000t\000o\000r\000C\000o\000n\000t\000r\000o\000l\000l\000/\000m\000o\000t\000o\000r\000C\000o\000n\000t\000r\000o\000l\000l\000.\000c\000\040\000F\000i\000l\000e\000\040\000R\000e\000f\000e\000r\000e\000n\000c\000e}{chapter.7}
\BOOKMARK [2][-]{subsection.7.13.1}{\376\377\000D\000e\000t\000a\000i\000l\000e\000d\000\040\000D\000e\000s\000c\000r\000i\000p\000t\000i\000o\000n}{section.7.13}
\BOOKMARK [2][-]{subsection.7.13.2}{\376\377\000F\000u\000n\000c\000t\000i\000o\000n\000\040\000D\000o\000c\000u\000m\000e\000n\000t\000a\000t\000i\000o\000n}{section.7.13}
\BOOKMARK [3][-]{subsubsection.7.13.2.1}{\376\377\000m\000C\000S\000e\000t\000S\000p\000e\000e\000d\000L\000e\000f\000t}{subsection.7.13.2}
\BOOKMARK [3][-]{subsubsection.7.13.2.2}{\376\377\000m\000C\000S\000e\000t\000S\000p\000e\000e\000d\000R\000i\000g\000h\000t}{subsection.7.13.2}
\BOOKMARK [1][-]{section.7.14}{\376\377\000R\000o\000b\000o\000W\000a\000y\000/\000m\000o\000t\000o\000r\000C\000o\000n\000t\000r\000o\000l\000l\000/\000m\000o\000t\000o\000r\000C\000o\000n\000t\000r\000o\000l\000l\000.\000h\000\040\000F\000i\000l\000e\000\040\000R\000e\000f\000e\000r\000e\000n\000c\000e}{chapter.7}
\BOOKMARK [2][-]{subsection.7.14.1}{\376\377\000D\000e\000t\000a\000i\000l\000e\000d\000\040\000D\000e\000s\000c\000r\000i\000p\000t\000i\000o\000n}{section.7.14}
\BOOKMARK [2][-]{subsection.7.14.2}{\376\377\000F\000u\000n\000c\000t\000i\000o\000n\000\040\000D\000o\000c\000u\000m\000e\000n\000t\000a\000t\000i\000o\000n}{section.7.14}
\BOOKMARK [3][-]{subsubsection.7.14.2.1}{\376\377\000m\000C\000S\000e\000t\000S\000p\000e\000e\000d\000L\000e\000f\000t}{subsection.7.14.2}
\BOOKMARK [3][-]{subsubsection.7.14.2.2}{\376\377\000m\000C\000S\000e\000t\000S\000p\000e\000e\000d\000R\000i\000g\000h\000t}{subsection.7.14.2}
\BOOKMARK [1][-]{section.7.15}{\376\377\000R\000o\000b\000o\000W\000a\000y\000/\000p\000i\000d\000/\000p\000i\000d\000.\000c\000\040\000F\000i\000l\000e\000\040\000R\000e\000f\000e\000r\000e\000n\000c\000e}{chapter.7}
\BOOKMARK [2][-]{subsection.7.15.1}{\376\377\000D\000e\000t\000a\000i\000l\000e\000d\000\040\000D\000e\000s\000c\000r\000i\000p\000t\000i\000o\000n}{section.7.15}
\BOOKMARK [2][-]{subsection.7.15.2}{\376\377\000F\000u\000n\000c\000t\000i\000o\000n\000\040\000D\000o\000c\000u\000m\000e\000n\000t\000a\000t\000i\000o\000n}{section.7.15}
\BOOKMARK [3][-]{subsubsection.7.15.2.1}{\376\377\000p\000i\000d\000I\000n\000i\000t}{subsection.7.15.2}
\BOOKMARK [3][-]{subsubsection.7.15.2.2}{\376\377\000u\000p\000d\000a\000t\000e\000P\000i\000d}{subsection.7.15.2}
\BOOKMARK [1][-]{section.7.16}{\376\377\000R\000o\000b\000o\000W\000a\000y\000/\000p\000i\000d\000/\000p\000i\000d\000.\000h\000\040\000F\000i\000l\000e\000\040\000R\000e\000f\000e\000r\000e\000n\000c\000e}{chapter.7}
\BOOKMARK [2][-]{subsection.7.16.1}{\376\377\000D\000e\000t\000a\000i\000l\000e\000d\000\040\000D\000e\000s\000c\000r\000i\000p\000t\000i\000o\000n}{section.7.16}
\BOOKMARK [2][-]{subsection.7.16.2}{\376\377\000F\000u\000n\000c\000t\000i\000o\000n\000\040\000D\000o\000c\000u\000m\000e\000n\000t\000a\000t\000i\000o\000n}{section.7.16}
\BOOKMARK [3][-]{subsubsection.7.16.2.1}{\376\377\000p\000i\000d\000I\000n\000i\000t}{subsection.7.16.2}
\BOOKMARK [3][-]{subsubsection.7.16.2.2}{\376\377\000u\000p\000d\000a\000t\000e\000P\000i\000d}{subsection.7.16.2}
\BOOKMARK [1][-]{section.7.17}{\376\377\000R\000o\000b\000o\000W\000a\000y\000/\000r\000o\000b\000o\000W\000a\000y\000/\000r\000o\000b\000o\000W\000a\000y\000.\000c\000\040\000F\000i\000l\000e\000\040\000R\000e\000f\000e\000r\000e\000n\000c\000e}{chapter.7}
\BOOKMARK [2][-]{subsection.7.17.1}{\376\377\000D\000e\000t\000a\000i\000l\000e\000d\000\040\000D\000e\000s\000c\000r\000i\000p\000t\000i\000o\000n}{section.7.17}
\BOOKMARK [2][-]{subsection.7.17.2}{\376\377\000V\000a\000r\000i\000a\000b\000l\000e\000\040\000D\000o\000c\000u\000m\000e\000n\000t\000a\000t\000i\000o\000n}{section.7.17}
\BOOKMARK [3][-]{subsubsection.7.17.2.1}{\376\377\000p\000i\000d\000M\000C\000E\000n}{subsection.7.17.2}
\BOOKMARK [1][-]{section.7.18}{\376\377\000R\000o\000b\000o\000W\000a\000y\000/\000r\000o\000b\000o\000W\000a\000y\000/\000r\000o\000b\000o\000W\000a\000y\000.\000h\000\040\000F\000i\000l\000e\000\040\000R\000e\000f\000e\000r\000e\000n\000c\000e}{chapter.7}
\BOOKMARK [2][-]{subsection.7.18.1}{\376\377\000D\000e\000t\000a\000i\000l\000e\000d\000\040\000D\000e\000s\000c\000r\000i\000p\000t\000i\000o\000n}{section.7.18}
\BOOKMARK [2][-]{subsection.7.18.2}{\376\377\000D\000e\000f\000i\000n\000e\000\040\000D\000o\000c\000u\000m\000e\000n\000t\000a\000t\000i\000o\000n}{section.7.18}
\BOOKMARK [3][-]{subsubsection.7.18.2.1}{\376\377\000P\000I\000D\000\137\000I\000N\000T\000E\000R\000V\000A\000L}{subsection.7.18.2}
\BOOKMARK [1][-]{section.7.19}{\376\377\000R\000o\000b\000o\000W\000a\000y\000/\000s\000r\000f\0000\0008\000/\000s\000r\000f\0000\0008\000.\000c\000\040\000F\000i\000l\000e\000\040\000R\000e\000f\000e\000r\000e\000n\000c\000e}{chapter.7}
\BOOKMARK [2][-]{subsection.7.19.1}{\376\377\000D\000e\000t\000a\000i\000l\000e\000d\000\040\000D\000e\000s\000c\000r\000i\000p\000t\000i\000o\000n}{section.7.19}
\BOOKMARK [2][-]{subsection.7.19.2}{\376\377\000F\000u\000n\000c\000t\000i\000o\000n\000\040\000D\000o\000c\000u\000m\000e\000n\000t\000a\000t\000i\000o\000n}{section.7.19}
\BOOKMARK [3][-]{subsubsection.7.19.2.1}{\376\377\000s\000r\000f\0000\0008\000G\000e\000t\000D\000i\000s\000t\000a\000n\000c\000e}{subsection.7.19.2}
\BOOKMARK [3][-]{subsubsection.7.19.2.2}{\376\377\000s\000r\000f\0000\0008\000G\000e\000t\000L\000i\000g\000h\000t}{subsection.7.19.2}
\BOOKMARK [3][-]{subsubsection.7.19.2.3}{\376\377\000s\000r\000f\0000\0008\000S\000e\000t\000A\000d\000d\000r}{subsection.7.19.2}
\BOOKMARK [3][-]{subsubsection.7.19.2.4}{\376\377\000s\000r\000f\0000\0008\000S\000e\000t\000R\000e\000g}{subsection.7.19.2}
\BOOKMARK [3][-]{subsubsection.7.19.2.5}{\376\377\000s\000r\000f\0000\0008\000S\000t\000a\000r\000t}{subsection.7.19.2}
\BOOKMARK [3][-]{subsubsection.7.19.2.6}{\376\377\000s\000r\000f\0000\0008\000S\000t\000a\000t\000u\000s}{subsection.7.19.2}
\BOOKMARK [1][-]{section.7.20}{\376\377\000R\000o\000b\000o\000W\000a\000y\000/\000s\000r\000f\0000\0008\000/\000s\000r\000f\0000\0008\000.\000h\000\040\000F\000i\000l\000e\000\040\000R\000e\000f\000e\000r\000e\000n\000c\000e}{chapter.7}
\BOOKMARK [2][-]{subsection.7.20.1}{\376\377\000D\000e\000t\000a\000i\000l\000e\000d\000\040\000D\000e\000s\000c\000r\000i\000p\000t\000i\000o\000n}{section.7.20}
\BOOKMARK [2][-]{subsection.7.20.2}{\376\377\000F\000u\000n\000c\000t\000i\000o\000n\000\040\000D\000o\000c\000u\000m\000e\000n\000t\000a\000t\000i\000o\000n}{section.7.20}
\BOOKMARK [3][-]{subsubsection.7.20.2.1}{\376\377\000s\000r\000f\0000\0008\000G\000e\000t\000D\000i\000s\000t\000a\000n\000c\000e}{subsection.7.20.2}
\BOOKMARK [3][-]{subsubsection.7.20.2.2}{\376\377\000s\000r\000f\0000\0008\000G\000e\000t\000L\000i\000g\000h\000t}{subsection.7.20.2}
\BOOKMARK [3][-]{subsubsection.7.20.2.3}{\376\377\000s\000r\000f\0000\0008\000S\000e\000t\000A\000d\000d\000r}{subsection.7.20.2}
\BOOKMARK [3][-]{subsubsection.7.20.2.4}{\376\377\000s\000r\000f\0000\0008\000S\000e\000t\000R\000e\000g}{subsection.7.20.2}
\BOOKMARK [3][-]{subsubsection.7.20.2.5}{\376\377\000s\000r\000f\0000\0008\000S\000t\000a\000r\000t}{subsection.7.20.2}
\BOOKMARK [3][-]{subsubsection.7.20.2.6}{\376\377\000s\000r\000f\0000\0008\000S\000t\000a\000t\000u\000s}{subsection.7.20.2}
\BOOKMARK [1][-]{section.7.21}{\376\377\000R\000o\000b\000o\000W\000a\000y\000/\000u\000s\000a\000r\000t\000/\000u\000s\000a\000r\000t\000.\000c\000\040\000F\000i\000l\000e\000\040\000R\000e\000f\000e\000r\000e\000n\000c\000e}{chapter.7}
\BOOKMARK [2][-]{subsection.7.21.1}{\376\377\000D\000e\000t\000a\000i\000l\000e\000d\000\040\000D\000e\000s\000c\000r\000i\000p\000t\000i\000o\000n}{section.7.21}
\BOOKMARK [2][-]{subsection.7.21.2}{\376\377\000F\000u\000n\000c\000t\000i\000o\000n\000\040\000D\000o\000c\000u\000m\000e\000n\000t\000a\000t\000i\000o\000n}{section.7.21}
\BOOKMARK [3][-]{subsubsection.7.21.2.1}{\376\377\000s\000e\000t\000u\000p\000U\000s\000a\000r\000t\0000}{subsection.7.21.2}
\BOOKMARK [3][-]{subsubsection.7.21.2.2}{\376\377\000s\000e\000t\000U\000s\000a\000r\000t\000B\000a\000u\000d\000R\000a\000t\000e}{subsection.7.21.2}
\BOOKMARK [3][-]{subsubsection.7.21.2.3}{\376\377\000u\000s\000a\000r\000t\0000\000P\000r\000i\000n\000t\000S\000t\000r}{subsection.7.21.2}
\BOOKMARK [3][-]{subsubsection.7.21.2.4}{\376\377\000u\000s\000a\000r\000t\0000\000T\000r\000a\000n\000s\000m\000i\000t}{subsection.7.21.2}
\BOOKMARK [1][-]{section.7.22}{\376\377\000R\000o\000b\000o\000W\000a\000y\000/\000u\000s\000a\000r\000t\000/\000u\000s\000a\000r\000t\000.\000h\000\040\000F\000i\000l\000e\000\040\000R\000e\000f\000e\000r\000e\000n\000c\000e}{chapter.7}
\BOOKMARK [2][-]{subsection.7.22.1}{\376\377\000D\000e\000t\000a\000i\000l\000e\000d\000\040\000D\000e\000s\000c\000r\000i\000p\000t\000i\000o\000n}{section.7.22}
\BOOKMARK [2][-]{subsection.7.22.2}{\376\377\000F\000u\000n\000c\000t\000i\000o\000n\000\040\000D\000o\000c\000u\000m\000e\000n\000t\000a\000t\000i\000o\000n}{section.7.22}
\BOOKMARK [3][-]{subsubsection.7.22.2.1}{\376\377\000s\000e\000t\000u\000p\000U\000s\000a\000r\000t\0000}{subsection.7.22.2}
\BOOKMARK [3][-]{subsubsection.7.22.2.2}{\376\377\000s\000e\000t\000U\000s\000a\000r\000t\000B\000a\000u\000d\000R\000a\000t\000e}{subsection.7.22.2}
\BOOKMARK [3][-]{subsubsection.7.22.2.3}{\376\377\000u\000s\000a\000r\000t\0000\000P\000r\000i\000n\000t\000S\000t\000r}{subsection.7.22.2}
\BOOKMARK [3][-]{subsubsection.7.22.2.4}{\376\377\000u\000s\000a\000r\000t\0000\000T\000r\000a\000n\000s\000m\000i\000t}{subsection.7.22.2}
